<?xml version="1.0" encoding="UTF-8"?>
<testsuite xmlns:xsi="http://www.w3.org/2001/XMLSchema-instance" xsi:noNamespaceSchemaLocation="https://maven.apache.org/surefire/maven-surefire-plugin/xsd/surefire-test-report-3.0.xsd" version="3.0" name="TestSuite" time="7.784" tests="1" errors="0" skipped="0" failures="0">
  <properties>
[...]
</properties>
  <testcase name="fishBuyTest" classname="tests.FishBuyTest" time="1.09">
    <system-out><![CDATA[[INFO] 2020-11-30 18:47:24.216 [main] configuration.PropertiesLoader - Trying to load properties with file name: configuration.properties
[INFO] 2020-11-30 18:47:24.216 [main] configuration.PropertiesLoader - Successfully loaded properties for file: configuration.properties
[INFO] 2020-11-30 18:47:29.710 [main] page.objects.LandingPage - Clicked on Enter Store link
[INFO] 2020-11-30 18:47:29.847 [main] page.objects.QuickLinks - Clicked fish menu label
[INFO] 2020-11-30 18:47:29.982 [main] page.objects.FishList - Clicked on Angelfish type
[INFO] 2020-11-30 18:47:30.130 [main] page.objects.AngelFishList - Clicked add to chart small angelfish button
[INFO] 2020-11-30 18:47:30.293 [main] page.objects.ShoppingCart - Clicked proceed chart button
[INFO] 2020-11-30 18:47:30.342 [main] page.objects.LoginPage - Returned warning message was: You must sign on before attempting to check out. Please sign on and try checking out again.
]]></system-out>
    <system-err><![CDATA[1606758444567	geckodriver	INFO	Listening on 127.0.0.1:36965
1606758445254	mozrunner::runner	INFO	Running command: "C:\\Program Files (x86)\\Mozilla Firefox\\firefox.exe" "--marionette" "-foreground" "-no-remote" "-profile" "C:\\Users\\mehht\\AppData\\Local\\Temp\\rust_mozprofileAhTinV"
Can't find symbol 'eglSwapBuffersWithDamageEXT'.
Can't find symbol 'eglSetDamageRegionKHR'.
JavaScript error: resource://gre/modules/XULStore.jsm, line 66: Error: Can't find profile directory.
console.warn: SearchSettings: "get: No settings file exists, new profile?" (new Error("", "(unknown module)"))
1606758448072	Marionette	INFO	Listening on port 55907
1606758448555	Marionette	WARN	TLS certificate errors will be ignored for this session
lis 30, 2020 6:47:28 PM org.openqa.selenium.remote.ProtocolHandshake createSession
INFO: Detected dialect: W3C
]]></system-err>
  </testcase>
</testsuite>