<?xml version="1.0" encoding="UTF-8"?>
<testng-results ignored="0" total="1" passed="1" failed="0" skipped="0">
  <reporter-output>
  </reporter-output>
  <suite started-at="2020-11-30T17:47:23Z" name="All Pet Shop Tests" finished-at="2020-11-30T17:47:31Z" duration-ms="7400">
    <groups>
    </groups>
    <test started-at="2020-11-30T17:47:23Z" name="FishBuy Test" finished-at="2020-11-30T17:47:31Z" duration-ms="7400">
      <class name="tests.FishBuyTest">
        <test-method is-config="true" signature="configurationLoad()[pri:0, instance:tests.FishBuyTest@35fc6dc4]" started-at="2020-11-30T17:47:23Z" name="configurationLoad" finished-at="2020-11-30T17:47:24Z" duration-ms="502" status="PASS">
          <reporter-output>
          </reporter-output>
        </test-method> <!-- configurationLoad -->
        <test-method is-config="true" signature="testSetUp()[pri:0, instance:tests.FishBuyTest@35fc6dc4]" started-at="2020-11-30T17:47:24Z" name="testSetUp" finished-at="2020-11-30T17:47:29Z" duration-ms="5019" status="PASS">
          <reporter-output>
          </reporter-output>
        </test-method> <!-- testSetUp -->
        <test-method signature="fishBuyTest()[pri:0, instance:tests.FishBuyTest@35fc6dc4]" started-at="2020-11-30T17:47:29Z" name="fishBuyTest" finished-at="2020-11-30T17:47:30Z" duration-ms="1093" status="PASS">
          <reporter-output>
          </reporter-output>
        </test-method> <!-- fishBuyTest -->
        <test-method is-config="true" signature="cleanUpTest()[pri:0, instance:tests.FishBuyTest@35fc6dc4]" started-at="2020-11-30T17:47:30Z" name="cleanUpTest" finished-at="2020-11-30T17:47:31Z" duration-ms="784" status="PASS">
          <reporter-output>
          </reporter-output>
        </test-method> <!-- cleanUpTest -->
      </class> <!-- tests.FishBuyTest -->
    </test> <!-- FishBuy Test -->
  </suite> <!-- All Pet Shop Tests -->
</testng-results>
