<?xml version="1.0" encoding="UTF-8"?>
<testsuite xmlns:xsi="http://www.w3.org/2001/XMLSchema-instance" xsi:noNamespaceSchemaLocation="https://maven.apache.org/surefire/maven-surefire-plugin/xsd/surefire-test-report-3.0.xsd" version="3.0" name="TestSuite" time="10.131" tests="2" errors="0" skipped="0" failures="0">
  <properties>
[...]
</properties>
  <testcase name="fishBuyTest" classname="tests.FishBuyTest" time="1.426">
    <system-out><![CDATA[[INFO] 2020-12-03 19:18:04.647 [TestNG-tests-1] configuration.PropertiesLoader - Trying to load properties with file name: configuration.properties
[INFO] 2020-12-03 19:18:04.677 [TestNG-tests-1] configuration.PropertiesLoader - Successfully loaded properties for file: configuration.properties
[INFO] 2020-12-03 19:18:10.503 [TestNG-tests-1] page.objects.LandingPage - Clicked on Enter Store link
[INFO] 2020-12-03 19:18:10.654 [TestNG-tests-1] page.objects.QuickLinks - Clicked fish menu label
[INFO] 2020-12-03 19:18:10.747 [TestNG-tests-2] page.objects.LandingPage - Clicked on Enter Store link
[INFO] 2020-12-03 19:18:10.825 [TestNG-tests-1] page.objects.FishList - Clicked on Angelfish type
[INFO] 2020-12-03 19:18:11.002 [TestNG-tests-1] page.objects.AngelFishList - Clicked add to chart small angelfish button
[INFO] 2020-12-03 19:18:11.033 [TestNG-tests-2] page.objects.QuickLinks - Clicked Login Page link
[INFO] 2020-12-03 19:18:11.147 [TestNG-tests-2] page.objects.LoginPage - Typed username into Username Input Field
[INFO] 2020-12-03 19:18:11.194 [TestNG-tests-1] page.objects.ShoppingCart - Clicked proceed chart button
[INFO] 2020-12-03 19:18:11.244 [TestNG-tests-2] page.objects.LoginPage - Typed username into Username Input Field
[INFO] 2020-12-03 19:18:11.253 [TestNG-tests-1] page.objects.LoginPage - Returned warning message was: You must sign on before attempting to check out. Please sign on and try checking out again.
]]></system-out>
    <system-err><![CDATA[1607019484897	geckodriver	INFO	Listening on 127.0.0.1:48484
Starting ChromeDriver 86.0.4240.22 (398b0743353ff36fb1b82468f63a3a93b4e2e89e-refs/branch-heads/4240@{#378}) on port 35082
Only local connections are allowed.
Please see https://chromedriver.chromium.org/security-considerations for suggestions on keeping ChromeDriver safe.
ChromeDriver was started successfully.
1607019485794	mozrunner::runner	INFO	Running command: "C:\\Program Files (x86)\\Mozilla Firefox\\firefox.exe" "--marionette" "-foreground" "-no-remote" "-profile" "C:\\Users\\mehht\\AppData\\Local\\Temp\\rust_mozprofileRlNOaB"
Can't find symbol 'eglSwapBuffersWithDamageEXT'.
Can't find symbol 'eglSetDamageRegionKHR'.
JavaScript error: resource://gre/modules/XULStore.jsm, line 66: Error: Can't find profile directory.
gru 03, 2020 7:18:07 PM org.openqa.selenium.remote.ProtocolHandshake createSession
INFO: Detected dialect: W3C
console.warn: SearchSettings: "get: No settings file exists, new profile?" (new Error("", "(unknown module)"))
1607019488790	Marionette	INFO	Listening on port 51969
1607019489072	Marionette	WARN	TLS certificate errors will be ignored for this session
gru 03, 2020 7:18:09 PM org.openqa.selenium.remote.ProtocolHandshake createSession
INFO: Detected dialect: W3C
]]></system-err>
  </testcase>
  <testcase name="failedLoginTest" classname="tests.FailedLoginTest" time="1.628">
    <system-out><![CDATA[[INFO] 2020-12-03 19:18:11.575 [TestNG-tests-2] page.objects.LoginPage - Clicked login button
[INFO] 2020-12-03 19:18:11.629 [TestNG-tests-2] page.objects.LoginPage - Returned warning message was: Invalid username or password. Signon failed.
]]></system-out>
    <system-err><![CDATA[1607019491273	Marionette	INFO	Stopped listening on port 51969
]]></system-err>
  </testcase>
</testsuite>